Determining if the pthread_create exist failed with the following output:
Change Dir: /mnt/d/Learn/GameEgineDev/Games101/homework7/Assignment7/build/CMakeFiles/CMakeTmp

Run Build Command:"/usr/bin/make" "cmTC_a10a6/fast"
/usr/bin/make -f CMakeFiles/cmTC_a10a6.dir/build.make CMakeFiles/cmTC_a10a6.dir/build
make[1]: Entering directory '/mnt/d/Learn/GameEgineDev/Games101/homework7/Assignment7/build/CMakeFiles/CMakeTmp'
Building C object CMakeFiles/cmTC_a10a6.dir/CheckSymbolExists.c.o
/usr/bin/cc    -o CMakeFiles/cmTC_a10a6.dir/CheckSymbolExists.c.o   -c /mnt/d/Learn/GameEgineDev/Games101/homework7/Assignment7/build/CMakeFiles/CMakeTmp/CheckSymbolExists.c
Linking C executable cmTC_a10a6
/usr/bin/cmake -E cmake_link_script CMakeFiles/cmTC_a10a6.dir/link.txt --verbose=1
/usr/bin/cc      CMakeFiles/cmTC_a10a6.dir/CheckSymbolExists.c.o  -o cmTC_a10a6 
CMakeFiles/cmTC_a10a6.dir/CheckSymbolExists.c.o: In function `main':
CheckSymbolExists.c:(.text+0x1b): undefined reference to `pthread_create'
collect2: error: ld returned 1 exit status
CMakeFiles/cmTC_a10a6.dir/build.make:97: recipe for target 'cmTC_a10a6' failed
make[1]: *** [cmTC_a10a6] Error 1
make[1]: Leaving directory '/mnt/d/Learn/GameEgineDev/Games101/homework7/Assignment7/build/CMakeFiles/CMakeTmp'
Makefile:126: recipe for target 'cmTC_a10a6/fast' failed
make: *** [cmTC_a10a6/fast] Error 2

File /mnt/d/Learn/GameEgineDev/Games101/homework7/Assignment7/build/CMakeFiles/CMakeTmp/CheckSymbolExists.c:
/* */
#include <pthread.h>

int main(int argc, char** argv)
{
  (void)argv;
#ifndef pthread_create
  return ((int*)(&pthread_create))[argc];
#else
  (void)argc;
  return 0;
#endif
}

Determining if the function pthread_create exists in the pthreads failed with the following output:
Change Dir: /mnt/d/Learn/GameEgineDev/Games101/homework7/Assignment7/build/CMakeFiles/CMakeTmp

Run Build Command:"/usr/bin/make" "cmTC_3b9fc/fast"
/usr/bin/make -f CMakeFiles/cmTC_3b9fc.dir/build.make CMakeFiles/cmTC_3b9fc.dir/build
make[1]: Entering directory '/mnt/d/Learn/GameEgineDev/Games101/homework7/Assignment7/build/CMakeFiles/CMakeTmp'
Building C object CMakeFiles/cmTC_3b9fc.dir/CheckFunctionExists.c.o
/usr/bin/cc   -DCHECK_FUNCTION_EXISTS=pthread_create   -o CMakeFiles/cmTC_3b9fc.dir/CheckFunctionExists.c.o   -c /usr/share/cmake-3.10/Modules/CheckFunctionExists.c
Linking C executable cmTC_3b9fc
/usr/bin/cmake -E cmake_link_script CMakeFiles/cmTC_3b9fc.dir/link.txt --verbose=1
/usr/bin/cc  -DCHECK_FUNCTION_EXISTS=pthread_create    CMakeFiles/cmTC_3b9fc.dir/CheckFunctionExists.c.o  -o cmTC_3b9fc -lpthreads 
/usr/bin/ld: cannot find -lpthreads
collect2: error: ld returned 1 exit status
CMakeFiles/cmTC_3b9fc.dir/build.make:97: recipe for target 'cmTC_3b9fc' failed
make[1]: *** [cmTC_3b9fc] Error 1
make[1]: Leaving directory '/mnt/d/Learn/GameEgineDev/Games101/homework7/Assignment7/build/CMakeFiles/CMakeTmp'
Makefile:126: recipe for target 'cmTC_3b9fc/fast' failed
make: *** [cmTC_3b9fc/fast] Error 2


