The system is: Linux - 5.10.16.3-microsoft-standard-WSL2 - x86_64
Compiling the C compiler identification source file "CMakeCCompilerId.c" succeeded.
Compiler: /usr/bin/cc 
Build flags: 
Id flags:  

The output was:
0


Compilation of the C compiler identification source "CMakeCCompilerId.c" produced "a.out"

The C compiler identification is GNU, found in "/mnt/d/Learn/GameEgineDev/Games101/homework0/Code/build/CMakeFiles/3.10.2/CompilerIdC/a.out"

Compiling the CXX compiler identification source file "CMakeCXXCompilerId.cpp" succeeded.
Compiler: /usr/bin/c++ 
Build flags: 
Id flags:  

The output was:
0


Compilation of the CXX compiler identification source "CMakeCXXCompilerId.cpp" produced "a.out"

The CXX compiler identification is GNU, found in "/mnt/d/Learn/GameEgineDev/Games101/homework0/Code/build/CMakeFiles/3.10.2/CompilerIdCXX/a.out"

Determining if the C compiler works passed with the following output:
Change Dir: /mnt/d/Learn/GameEgineDev/Games101/homework0/Code/build/CMakeFiles/CMakeTmp

Run Build Command:"/usr/bin/make" "cmTC_0628b/fast"
/usr/bin/make -f CMakeFiles/cmTC_0628b.dir/build.make CMakeFiles/cmTC_0628b.dir/build
make[1]: Entering directory '/mnt/d/Learn/GameEgineDev/Games101/homework0/Code/build/CMakeFiles/CMakeTmp'
Building C object CMakeFiles/cmTC_0628b.dir/testCCompiler.c.o
/usr/bin/cc    -o CMakeFiles/cmTC_0628b.dir/testCCompiler.c.o   -c /mnt/d/Learn/GameEgineDev/Games101/homework0/Code/build/CMakeFiles/CMakeTmp/testCCompiler.c
Linking C executable cmTC_0628b
/usr/bin/cmake -E cmake_link_script CMakeFiles/cmTC_0628b.dir/link.txt --verbose=1
/usr/bin/cc      -rdynamic CMakeFiles/cmTC_0628b.dir/testCCompiler.c.o  -o cmTC_0628b 
make[1]: Leaving directory '/mnt/d/Learn/GameEgineDev/Games101/homework0/Code/build/CMakeFiles/CMakeTmp'


Determining if the CXX compiler works passed with the following output:
Change Dir: /mnt/d/Learn/GameEgineDev/Games101/homework0/Code/build/CMakeFiles/CMakeTmp

Run Build Command:"/usr/bin/make" "cmTC_a8a75/fast"
/usr/bin/make -f CMakeFiles/cmTC_a8a75.dir/build.make CMakeFiles/cmTC_a8a75.dir/build
make[1]: Entering directory '/mnt/d/Learn/GameEgineDev/Games101/homework0/Code/build/CMakeFiles/CMakeTmp'
Building CXX object CMakeFiles/cmTC_a8a75.dir/testCXXCompiler.cxx.o
/usr/bin/c++     -o CMakeFiles/cmTC_a8a75.dir/testCXXCompiler.cxx.o -c /mnt/d/Learn/GameEgineDev/Games101/homework0/Code/build/CMakeFiles/CMakeTmp/testCXXCompiler.cxx
Linking CXX executable cmTC_a8a75
/usr/bin/cmake -E cmake_link_script CMakeFiles/cmTC_a8a75.dir/link.txt --verbose=1
/usr/bin/c++       -rdynamic CMakeFiles/cmTC_a8a75.dir/testCXXCompiler.cxx.o  -o cmTC_a8a75 
make[1]: Leaving directory '/mnt/d/Learn/GameEgineDev/Games101/homework0/Code/build/CMakeFiles/CMakeTmp'


